Build started 6/15/2011 4:28:39 PM.
Project "C:\Documents and Settings\bruno\My Documents\UFSM\CG\cg-t3\vc10\cg-t3.vcxproj" on node 2 (build target(s)).
InitializeBuildStatus:
  Creating "Release\cg-t3.unsuccessfulbuild" because "AlwaysCreate" was specified.
ClCompile:
  C:\Program Files\Microsoft Visual Studio 10.0\VC\bin\CL.exe /c /Zi /nologo /W3 /WX- /O2 /Oi /Oy- /GL /D _MBCS /Gm- /EHsc /MD /GS /Gy /fp:precise /Zc:wchar_t /Zc:forScope /Fo"Release\\" /Fd"Release\vc100.pdb" /Gd /TP /analyze- /errorReport:prompt ..\src\GUI\Canvas\Camera.cpp ..\src\GUI\Canvas\Canvas.cpp ..\src\GUI\Canvas\Projection.cpp ..\src\GUI\DrawManager.cpp ..\src\GUI\MainWindow.cpp ..\src\main.cpp ..\src\Util\ModelViewMatrixStack.cpp
  Camera.cpp
..\src\GUI\Canvas\Camera.cpp(1): fatal error C1083: Cannot open include file: 'GUI/Canvas/Camera.h': No such file or directory
  Canvas.cpp
..\src\GUI\Canvas\Canvas.cpp(1): fatal error C1083: Cannot open include file: 'GUI/Canvas/Canvas.h': No such file or directory
  Projection.cpp
..\src\GUI\Canvas\Projection.cpp(1): fatal error C1083: Cannot open include file: 'GUI/Canvas/Projection.h': No such file or directory
  DrawManager.cpp
..\src\GUI\DrawManager.cpp(1): fatal error C1083: Cannot open include file: 'GUI/DrawManager.hpp': No such file or directory
  MainWindow.cpp
..\src\GUI\MainWindow.cpp(1): fatal error C1083: Cannot open include file: 'GUI/MainWindow.h': No such file or directory
  main.cpp
..\src\main.cpp(2): fatal error C1083: Cannot open include file: 'macros.h': No such file or directory
  ModelViewMatrixStack.cpp
..\src\Util\ModelViewMatrixStack.cpp(1): fatal error C1083: Cannot open include file: 'Util/ModelViewMatrixStack.h': No such file or directory
Done Building Project "C:\Documents and Settings\bruno\My Documents\UFSM\CG\cg-t3\vc10\cg-t3.vcxproj" (build target(s)) -- FAILED.

Build FAILED.

Time Elapsed 00:00:01.12
